0 verbose cli /Users/mac/Documents/ture code/.local/node-v20.18.0-darwin-arm64/bin/node /Users/mac/Documents/ture code/.local/node-v20.18.0-darwin-arm64/bin/npm
1 info using npm@10.8.2
2 info using node@v20.18.0
3 silly config load:file:/Users/mac/Documents/ture code/.local/node-v20.18.0-darwin-arm64/lib/node_modules/npm/npmrc
4 silly config load:file:/Users/mac/Documents/ture code/.npmrc
5 silly config load:file:/Users/mac/.npmrc
6 silly config load:file:/Users/mac/Documents/ture code/.local/node-v20.18.0-darwin-arm64/etc/npmrc
7 verbose title npm install
8 verbose argv "install"
9 verbose logfile logs-max:10 dir:/Users/mac/Documents/ture code/.local/.npm-cache/_logs/2026-06-19T19_58_49_571Z-
10 verbose logfile /Users/mac/Documents/ture code/.local/.npm-cache/_logs/2026-06-19T19_58_49_571Z-debug-0.log
11 silly packumentCache heap:2197815296 maxSize:549453824 maxEntrySize:274726912
12 silly logfile done cleaning log files
13 silly idealTree buildDeps
14 verbose shrinkwrap failed to load node_modules/.package-lock.json out of date, updated: node_modules
15 silly reify moves {}
16 verbose reify failed optional dependency /Users/mac/Documents/ture code/node_modules/@next/swc-win32-x64-msvc
17 silly reify mark deleted [
17 silly reify   '/Users/mac/Documents/ture code/node_modules/@next/swc-win32-x64-msvc'
17 silly reify ]
18 verbose reify failed optional dependency /Users/mac/Documents/ture code/node_modules/@next/swc-win32-ia32-msvc
19 silly reify mark deleted [
19 silly reify   '/Users/mac/Documents/ture code/node_modules/@next/swc-win32-ia32-msvc'
19 silly reify ]
20 verbose reify failed optional dependency /Users/mac/Documents/ture code/node_modules/@next/swc-win32-arm64-msvc
21 silly reify mark deleted [
21 silly reify   '/Users/mac/Documents/ture code/node_modules/@next/swc-win32-arm64-msvc'
21 silly reify ]
22 verbose reify failed optional dependency /Users/mac/Documents/ture code/node_modules/@next/swc-linux-x64-musl
23 silly reify mark deleted [
23 silly reify   '/Users/mac/Documents/ture code/node_modules/@next/swc-linux-x64-musl'
23 silly reify ]
24 verbose reify failed optional dependency /Users/mac/Documents/ture code/node_modules/@next/swc-linux-x64-gnu
25 silly reify mark deleted [
25 silly reify   '/Users/mac/Documents/ture code/node_modules/@next/swc-linux-x64-gnu'
25 silly reify ]
26 verbose reify failed optional dependency /Users/mac/Documents/ture code/node_modules/@next/swc-linux-arm64-musl
27 silly reify mark deleted [
27 silly reify   '/Users/mac/Documents/ture code/node_modules/@next/swc-linux-arm64-musl'
27 silly reify ]
28 verbose reify failed optional dependency /Users/mac/Documents/ture code/node_modules/@next/swc-linux-arm64-gnu
29 silly reify mark deleted [
29 silly reify   '/Users/mac/Documents/ture code/node_modules/@next/swc-linux-arm64-gnu'
29 silly reify ]
30 verbose reify failed optional dependency /Users/mac/Documents/ture code/node_modules/@next/swc-darwin-x64
31 silly reify mark deleted [ '/Users/mac/Documents/ture code/node_modules/@next/swc-darwin-x64' ]
32 silly ADD node_modules/fsevents
33 silly ADD
34 silly ADD
35 silly ADD
36 silly ADD
37 silly ADD
38 silly ADD
39 silly ADD
40 silly ADD
41 verbose cwd /Users/mac/Documents/ture code
42 verbose os Darwin 25.5.0
43 verbose node v20.18.0
44 verbose npm  v10.8.2
45 verbose exit 0
46 info ok
