0 verbose cli /Users/mac/Documents/ture code/.local/node-v20.18.0-darwin-arm64/bin/node /Users/mac/Documents/ture code/.local/node-v20.18.0-darwin-arm64/bin/npm
1 info using npm@10.8.2
2 info using node@v20.18.0
3 silly config load:file:/Users/mac/Documents/ture code/.local/node-v20.18.0-darwin-arm64/lib/node_modules/npm/npmrc
4 silly config load:file:/Users/mac/Documents/ture code/.npmrc
5 silly config load:file:/Users/mac/.npmrc
6 silly config load:file:/Users/mac/Documents/ture code/.local/node-v20.18.0-darwin-arm64/etc/npmrc
7 verbose title npm install
8 verbose argv "install"
9 verbose logfile logs-max:10 dir:/Users/mac/Documents/ture code/.local/.npm-cache/_logs/2026-06-19T20_04_36_605Z-
10 verbose logfile /Users/mac/Documents/ture code/.local/.npm-cache/_logs/2026-06-19T20_04_36_605Z-debug-0.log
11 silly packumentCache heap:2197815296 maxSize:549453824 maxEntrySize:274726912
12 silly logfile done cleaning log files
13 silly idealTree buildDeps
14 silly fetch manifest @supabase/supabase-js@^2.45.0
15 silly packumentCache full:https://registry.npmmirror.com/@supabase%2fsupabase-js cache-miss
16 http fetch GET 200 https://registry.npmmirror.com/@supabase%2fsupabase-js 3198ms (cache updated)
17 silly packumentCache full:https://registry.npmmirror.com/@supabase%2fsupabase-js set size:439035 disposed:false
18 silly fetch manifest clsx@^2.1.1
19 silly packumentCache full:https://registry.npmmirror.com/clsx cache-miss
20 http fetch GET 200 https://registry.npmmirror.com/clsx 272ms (cache revalidated)
21 silly packumentCache full:https://registry.npmmirror.com/clsx set size:32436 disposed:false
22 silly fetch manifest lucide-react@^0.453.0
23 silly packumentCache full:https://registry.npmmirror.com/lucide-react cache-miss
24 http fetch GET 200 https://registry.npmmirror.com/lucide-react 452ms (cache updated)
25 silly packumentCache full:https://registry.npmmirror.com/lucide-react set size:417822 disposed:false
26 silly fetch manifest react@^18.3.1
27 silly packumentCache full:https://registry.npmmirror.com/react cache-miss
28 http fetch GET 200 https://registry.npmmirror.com/react 553ms (cache updated)
29 silly packumentCache full:https://registry.npmmirror.com/react set size:1224214 disposed:false
30 silly fetch manifest next@14.2.15
31 silly packumentCache full:https://registry.npmmirror.com/next cache-miss
32 http fetch GET 200 https://registry.npmmirror.com/next 1042ms (cache updated)
33 silly packumentCache full:https://registry.npmmirror.com/next set size:3350763 disposed:false
34 silly fetch manifest @opentelemetry/api@^1.1.0
35 silly packumentCache full:https://registry.npmmirror.com/@opentelemetry%2fapi cache-miss
36 http fetch GET 200 https://registry.npmmirror.com/@opentelemetry%2fapi 276ms (cache revalidated)
37 silly packumentCache full:https://registry.npmmirror.com/@opentelemetry%2fapi set size:222554 disposed:false
38 silly fetch manifest @playwright/test@^1.41.2
39 silly packumentCache full:https://registry.npmmirror.com/@playwright%2ftest cache-miss
40 http fetch GET 200 https://registry.npmmirror.com/@playwright%2ftest 676ms (cache updated)
41 silly packumentCache full:https://registry.npmmirror.com/@playwright%2ftest set size:1728791 disposed:false
42 silly fetch manifest react-dom@^18.3.1
43 silly packumentCache full:https://registry.npmmirror.com/react-dom cache-miss
44 http fetch GET 200 https://registry.npmmirror.com/react-dom 501ms (cache updated)
45 silly packumentCache full:https://registry.npmmirror.com/react-dom set size:1398538 disposed:false
46 silly fetch manifest sass@^1.3.0
47 silly packumentCache full:https://registry.npmmirror.com/sass cache-miss
48 http fetch GET 200 https://registry.npmmirror.com/sass 279ms (cache revalidated)
49 silly packumentCache full:https://registry.npmmirror.com/sass set size:605392 disposed:false
50 silly fetch manifest recharts@^2.12.7
51 silly packumentCache full:https://registry.npmmirror.com/recharts cache-miss
52 http fetch GET 200 https://registry.npmmirror.com/recharts 489ms (cache revalidated)
53 silly packumentCache full:https://registry.npmmirror.com/recharts set size:1299806 disposed:false
54 silly fetch manifest tailwind-merge@^2.5.4
55 silly packumentCache full:https://registry.npmmirror.com/tailwind-merge cache-miss
56 http fetch GET 200 https://registry.npmmirror.com/tailwind-merge 277ms (cache revalidated)
57 silly packumentCache full:https://registry.npmmirror.com/tailwind-merge set size:1666064 disposed:false
58 silly fetch manifest @types/node@^20
59 silly packumentCache full:https://registry.npmmirror.com/@types%2fnode cache-miss
60 http fetch GET 200 https://registry.npmmirror.com/@types%2fnode 459ms (cache updated)
61 silly packumentCache full:https://registry.npmmirror.com/@types%2fnode set size:1162620 disposed:false
62 silly fetch manifest @types/react@^18
63 silly packumentCache full:https://registry.npmmirror.com/@types%2freact cache-miss
64 http fetch GET 200 https://registry.npmmirror.com/@types%2freact 473ms (cache revalidated)
65 silly packumentCache full:https://registry.npmmirror.com/@types%2freact set size:2480710 disposed:false
66 silly fetch manifest @types/react-dom@^18
67 silly packumentCache full:https://registry.npmmirror.com/@types%2freact-dom cache-miss
68 http fetch GET 200 https://registry.npmmirror.com/@types%2freact-dom 277ms (cache revalidated)
69 silly packumentCache full:https://registry.npmmirror.com/@types%2freact-dom set size:398502 disposed:false
70 silly fetch manifest autoprefixer@^10.4.20
71 silly packumentCache full:https://registry.npmmirror.com/autoprefixer cache-miss
72 http fetch GET 200 https://registry.npmmirror.com/autoprefixer 270ms (cache revalidated)
73 silly packumentCache full:https://registry.npmmirror.com/autoprefixer set size:1243767 disposed:false
74 silly fetch manifest postcss@^8.4.47
75 silly packumentCache full:https://registry.npmmirror.com/postcss cache-miss
76 http fetch GET 200 https://registry.npmmirror.com/postcss 266ms (cache revalidated)
77 silly packumentCache full:https://registry.npmmirror.com/postcss set size:639981 disposed:false
78 silly fetch manifest tailwindcss@^3.4.13
79 silly packumentCache full:https://registry.npmmirror.com/tailwindcss cache-miss
80 http fetch GET 200 https://registry.npmmirror.com/tailwindcss 559ms (cache updated)
81 silly packumentCache full:https://registry.npmmirror.com/tailwindcss set size:1666217 disposed:false
82 silly fetch manifest typescript@^5
83 silly packumentCache full:https://registry.npmmirror.com/typescript cache-miss
84 http fetch GET 200 https://registry.npmmirror.com/typescript 723ms (cache updated)
85 silly packumentCache full:https://registry.npmmirror.com/typescript set size:1687175 disposed:false
86 silly placeDep ROOT @supabase/supabase-js@2.108.2 OK for: b2b-saas-platform@1.0.0 want: ^2.45.0
87 silly placeDep ROOT @types/node@20.19.43 OK for: b2b-saas-platform@1.0.0 want: ^20
88 silly placeDep ROOT @types/react@18.3.31 OK for: b2b-saas-platform@1.0.0 want: ^18
89 silly placeDep ROOT @types/react-dom@18.3.7 OK for: b2b-saas-platform@1.0.0 want: ^18
90 silly placeDep ROOT autoprefixer@10.5.0 OK for: b2b-saas-platform@1.0.0 want: ^10.4.20
91 silly placeDep ROOT postcss@8.5.15 OK for: autoprefixer@10.5.0 want: ^8.1.0
92 silly placeDep ROOT clsx@2.1.1 OK for: b2b-saas-platform@1.0.0 want: ^2.1.1
93 silly placeDep ROOT lucide-react@0.453.0 OK for: b2b-saas-platform@1.0.0 want: ^0.453.0
94 silly placeDep ROOT react@18.3.1 OK for: lucide-react@0.453.0 want: ^16.5.1 || ^17.0.0 || ^18.0.0 || ^19.0.0-rc
95 silly placeDep ROOT next@14.2.15 OK for: b2b-saas-platform@1.0.0 want: 14.2.15
96 silly placeDep ROOT react-dom@18.3.1 OK for: next@14.2.15 want: ^18.2.0
97 silly placeDep ROOT recharts@2.15.4 OK for: b2b-saas-platform@1.0.0 want: ^2.12.7
98 silly placeDep ROOT tailwind-merge@2.6.1 OK for: b2b-saas-platform@1.0.0 want: ^2.5.4
99 silly placeDep ROOT tailwindcss@3.4.19 OK for: b2b-saas-platform@1.0.0 want: ^3.4.13
100 silly placeDep ROOT typescript@5.9.3 OK for: b2b-saas-platform@1.0.0 want: ^5
101 silly fetch manifest @supabase/auth-js@2.108.2
102 silly packumentCache full:https://registry.npmmirror.com/@supabase%2fauth-js cache-miss
103 silly fetch manifest @supabase/functions-js@2.108.2
104 silly packumentCache full:https://registry.npmmirror.com/@supabase%2ffunctions-js cache-miss
105 silly fetch manifest @supabase/postgrest-js@2.108.2
106 silly packumentCache full:https://registry.npmmirror.com/@supabase%2fpostgrest-js cache-miss
107 silly fetch manifest @supabase/realtime-js@2.108.2
108 silly packumentCache full:https://registry.npmmirror.com/@supabase%2frealtime-js cache-miss
109 silly fetch manifest @supabase/storage-js@2.108.2
110 silly packumentCache full:https://registry.npmmirror.com/@supabase%2fstorage-js cache-miss
111 silly fetch manifest undici-types@~6.21.0
112 silly packumentCache full:https://registry.npmmirror.com/undici-types cache-miss
113 silly fetch manifest csstype@^3.2.2
114 silly packumentCache full:https://registry.npmmirror.com/csstype cache-miss
115 http fetch GET 200 https://registry.npmmirror.com/@supabase%2fpostgrest-js 499ms (cache updated)
116 silly packumentCache full:https://registry.npmmirror.com/@supabase%2fpostgrest-js set size:233510 disposed:false
117 silly fetch manifest @types/prop-types@*
118 silly packumentCache full:https://registry.npmmirror.com/@types%2fprop-types cache-miss
119 http fetch GET 200 https://registry.npmmirror.com/@types%2fprop-types 270ms (cache revalidated)
120 silly packumentCache full:https://registry.npmmirror.com/@types%2fprop-types set size:44219 disposed:false
121 silly fetch manifest browserslist@^4.28.2
122 silly packumentCache full:https://registry.npmmirror.com/browserslist cache-miss
123 http fetch GET 200 https://registry.npmmirror.com/browserslist 271ms (cache revalidated)
124 silly packumentCache full:https://registry.npmmirror.com/browserslist set size:431933 disposed:false
125 silly fetch manifest caniuse-lite@^1.0.30001787
126 silly packumentCache full:https://registry.npmmirror.com/caniuse-lite cache-miss
127 http fetch GET 200 https://registry.npmmirror.com/caniuse-lite 272ms (cache revalidated)
128 silly packumentCache full:https://registry.npmmirror.com/caniuse-lite set size:1992144 disposed:false
129 silly fetch manifest fraction.js@^5.3.4
130 silly packumentCache full:https://registry.npmmirror.com/fraction.js cache-miss
131 http fetch GET 200 https://registry.npmmirror.com/fraction.js 270ms (cache revalidated)
132 silly packumentCache full:https://registry.npmmirror.com/fraction.js set size:142438 disposed:false
133 silly fetch manifest picocolors@^1.1.1
134 silly packumentCache full:https://registry.npmmirror.com/picocolors cache-miss
135 http fetch GET 200 https://registry.npmmirror.com/@supabase%2ffunctions-js 1785ms (cache updated)
136 silly packumentCache full:https://registry.npmmirror.com/@supabase%2ffunctions-js set size:163018 disposed:false
137 silly fetch manifest postcss-value-parser@^4.2.0
138 silly packumentCache full:https://registry.npmmirror.com/postcss-value-parser cache-miss
139 http fetch GET 200 https://registry.npmmirror.com/picocolors 270ms (cache revalidated)
140 silly packumentCache full:https://registry.npmmirror.com/picocolors set size:15692 disposed:false
141 silly fetch manifest nanoid@^3.3.12
142 silly packumentCache full:https://registry.npmmirror.com/nanoid cache-miss
143 http fetch GET 200 https://registry.npmmirror.com/postcss-value-parser 267ms (cache revalidated)
144 silly packumentCache full:https://registry.npmmirror.com/postcss-value-parser set size:67447 disposed:false
145 silly fetch manifest source-map-js@^1.2.1
146 silly packumentCache full:https://registry.npmmirror.com/source-map-js cache-miss
147 http fetch GET 200 https://registry.npmmirror.com/nanoid 281ms (cache updated)
148 silly packumentCache full:https://registry.npmmirror.com/nanoid set size:50006 disposed:false
149 silly fetch manifest loose-envify@^1.1.0
150 silly packumentCache full:https://registry.npmmirror.com/loose-envify cache-miss
151 http fetch GET 200 https://registry.npmmirror.com/source-map-js 266ms (cache revalidated)
152 silly packumentCache full:https://registry.npmmirror.com/source-map-js set size:61050 disposed:false
153 silly fetch manifest @next/env@14.2.15
154 silly packumentCache full:https://registry.npmmirror.com/@next%2fenv cache-miss
155 http fetch GET 200 https://registry.npmmirror.com/loose-envify 266ms (cache revalidated)
156 silly packumentCache full:https://registry.npmmirror.com/loose-envify set size:11448 disposed:false
157 silly fetch manifest @swc/helpers@0.5.5
158 silly packumentCache full:https://registry.npmmirror.com/@swc%2fhelpers cache-miss
159 http fetch GET 200 https://registry.npmmirror.com/csstype 2574ms (cache revalidated)
160 silly packumentCache full:https://registry.npmmirror.com/csstype set size:227919 disposed:false
161 silly fetch manifest busboy@1.6.0
162 silly packumentCache full:https://registry.npmmirror.com/busboy cache-miss
163 http fetch GET 200 https://registry.npmmirror.com/undici-types 2581ms (cache revalidated)
164 silly packumentCache full:https://registry.npmmirror.com/undici-types set size:251692 disposed:false
165 silly fetch manifest caniuse-lite@^1.0.30001579
166 silly packumentCache full:https://registry.npmmirror.com/caniuse-lite cache-miss
167 http fetch GET 200 https://registry.npmmirror.com/caniuse-lite 6ms (cache hit)
168 silly packumentCache full:https://registry.npmmirror.com/caniuse-lite set size:1992144 disposed:false
169 silly fetch manifest graceful-fs@^4.2.11
170 silly packumentCache full:https://registry.npmmirror.com/graceful-fs cache-miss
171 http fetch GET 200 https://registry.npmmirror.com/@swc%2fhelpers 270ms (cache revalidated)
172 silly packumentCache full:https://registry.npmmirror.com/@swc%2fhelpers set size:766748 disposed:false
173 silly fetch manifest postcss@8.4.31
174 silly packumentCache full:https://registry.npmmirror.com/postcss cache-hit
175 silly fetch manifest styled-jsx@5.1.1
176 silly packumentCache full:https://registry.npmmirror.com/styled-jsx cache-miss
177 http fetch GET 200 https://registry.npmmirror.com/busboy 276ms (cache revalidated)
178 silly packumentCache full:https://registry.npmmirror.com/busboy set size:75197 disposed:false
179 silly fetch manifest @next/swc-darwin-arm64@14.2.15
180 silly packumentCache full:https://registry.npmmirror.com/@next%2fswc-darwin-arm64 cache-miss
181 http fetch GET 200 https://registry.npmmirror.com/graceful-fs 280ms (cache revalidated)
182 silly packumentCache full:https://registry.npmmirror.com/graceful-fs set size:109027 disposed:false
183 silly fetch manifest @next/swc-darwin-x64@14.2.15
184 silly packumentCache full:https://registry.npmmirror.com/@next%2fswc-darwin-x64 cache-miss
185 http fetch GET 200 https://registry.npmmirror.com/@next%2fenv 877ms (cache updated)
186 silly packumentCache full:https://registry.npmmirror.com/@next%2fenv set size:1253228 disposed:false
187 silly fetch manifest @next/swc-linux-arm64-gnu@14.2.15
188 silly packumentCache full:https://registry.npmmirror.com/@next%2fswc-linux-arm64-gnu cache-miss
189 http fetch GET 200 https://registry.npmmirror.com/styled-jsx 524ms (cache revalidated)
190 silly packumentCache full:https://registry.npmmirror.com/styled-jsx set size:400503 disposed:false
191 silly fetch manifest @next/swc-linux-arm64-musl@14.2.15
192 silly packumentCache full:https://registry.npmmirror.com/@next%2fswc-linux-arm64-musl cache-miss
193 http fetch GET 200 https://registry.npmmirror.com/@supabase%2fauth-js 3259ms (cache updated)
194 silly packumentCache full:https://registry.npmmirror.com/@supabase%2fauth-js set size:188727 disposed:false
195 silly fetch manifest @next/swc-linux-x64-gnu@14.2.15
196 silly packumentCache full:https://registry.npmmirror.com/@next%2fswc-linux-x64-gnu cache-miss
197 http fetch GET 200 https://registry.npmmirror.com/@supabase%2fstorage-js 3266ms (cache updated)
198 silly packumentCache full:https://registry.npmmirror.com/@supabase%2fstorage-js set size:187597 disposed:false
199 silly fetch manifest @next/swc-linux-x64-musl@14.2.15
200 silly packumentCache full:https://registry.npmmirror.com/@next%2fswc-linux-x64-musl cache-miss
201 http fetch GET 200 https://registry.npmmirror.com/@supabase%2frealtime-js 3272ms (cache updated)
202 silly packumentCache full:https://registry.npmmirror.com/@supabase%2frealtime-js set size:242008 disposed:false
203 silly fetch manifest @next/swc-win32-arm64-msvc@14.2.15
204 silly packumentCache full:https://registry.npmmirror.com/@next%2fswc-win32-arm64-msvc cache-miss
205 http fetch GET 200 https://registry.npmmirror.com/@next%2fswc-darwin-arm64 1507ms (cache updated)
206 silly packumentCache full:https://registry.npmmirror.com/@next%2fswc-darwin-arm64 set size:1151266 disposed:false
207 silly fetch manifest @next/swc-win32-ia32-msvc@14.2.15
208 silly packumentCache full:https://registry.npmmirror.com/@next%2fswc-win32-ia32-msvc cache-miss
209 http fetch GET 200 https://registry.npmmirror.com/@next%2fswc-darwin-x64 1670ms (cache updated)
210 silly packumentCache full:https://registry.npmmirror.com/@next%2fswc-darwin-x64 set size:1146303 disposed:false
211 silly fetch manifest @next/swc-win32-x64-msvc@14.2.15
212 silly packumentCache full:https://registry.npmmirror.com/@next%2fswc-win32-x64-msvc cache-miss
213 http fetch GET 200 https://registry.npmmirror.com/@next%2fswc-win32-arm64-msvc 1432ms (cache updated)
214 silly packumentCache full:https://registry.npmmirror.com/@next%2fswc-win32-arm64-msvc set size:1125866 disposed:false
215 silly fetch manifest scheduler@^0.23.2
216 silly packumentCache full:https://registry.npmmirror.com/scheduler cache-miss
217 http fetch GET 200 https://registry.npmmirror.com/@next%2fswc-linux-arm64-gnu 1505ms (cache updated)
218 silly packumentCache full:https://registry.npmmirror.com/@next%2fswc-linux-arm64-gnu set size:1124834 disposed:false
219 silly fetch manifest eventemitter3@^4.0.1
220 silly packumentCache full:https://registry.npmmirror.com/eventemitter3 cache-miss
221 http fetch GET 200 https://registry.npmmirror.com/@next%2fswc-linux-arm64-musl 1524ms (cache updated)
222 silly packumentCache full:https://registry.npmmirror.com/@next%2fswc-linux-arm64-musl set size:1124657 disposed:false
223 silly fetch manifest lodash@^4.17.21
224 silly packumentCache full:https://registry.npmmirror.com/lodash cache-miss
225 http fetch GET 200 https://registry.npmmirror.com/@next%2fswc-linux-x64-gnu 1566ms (cache updated)
226 silly packumentCache full:https://registry.npmmirror.com/@next%2fswc-linux-x64-gnu set size:1153246 disposed:false
227 silly fetch manifest react-is@^18.3.1
228 silly packumentCache full:https://registry.npmmirror.com/react-is cache-miss
229 http fetch GET 200 https://registry.npmmirror.com/@next%2fswc-linux-x64-musl 1775ms (cache updated)
230 silly packumentCache full:https://registry.npmmirror.com/@next%2fswc-linux-x64-musl set size:1119240 disposed:false
231 silly fetch manifest react-smooth@^4.0.4
232 silly packumentCache full:https://registry.npmmirror.com/react-smooth cache-miss
233 http fetch GET 200 https://registry.npmmirror.com/eventemitter3 305ms (cache revalidated)
234 silly packumentCache full:https://registry.npmmirror.com/eventemitter3 set size:80775 disposed:false
235 silly fetch manifest recharts-scale@^0.4.4
236 silly packumentCache full:https://registry.npmmirror.com/recharts-scale cache-miss
237 http fetch GET 200 https://registry.npmmirror.com/@next%2fswc-win32-ia32-msvc 722ms (cache updated)
238 silly packumentCache full:https://registry.npmmirror.com/@next%2fswc-win32-ia32-msvc set size:784710 disposed:false
239 silly fetch manifest tiny-invariant@^1.3.1
240 silly packumentCache full:https://registry.npmmirror.com/tiny-invariant cache-miss
241 http fetch GET 200 https://registry.npmmirror.com/lodash 422ms (cache revalidated)
242 silly packumentCache full:https://registry.npmmirror.com/lodash set size:209137 disposed:false
243 silly fetch manifest victory-vendor@^36.6.8
244 silly packumentCache full:https://registry.npmmirror.com/victory-vendor cache-miss
245 http fetch GET 200 https://registry.npmmirror.com/recharts-scale 401ms (cache revalidated)
246 silly packumentCache full:https://registry.npmmirror.com/recharts-scale set size:57282 disposed:false
247 silly fetch manifest @alloc/quick-lru@^5.2.0
248 silly packumentCache full:https://registry.npmmirror.com/@alloc%2fquick-lru cache-miss
249 http fetch GET 200 https://registry.npmmirror.com/tiny-invariant 355ms (cache revalidated)
250 silly packumentCache full:https://registry.npmmirror.com/tiny-invariant set size:62965 disposed:false
251 silly fetch manifest arg@^5.0.2
252 silly packumentCache full:https://registry.npmmirror.com/arg cache-miss
253 http fetch GET 200 https://registry.npmmirror.com/react-smooth 409ms (cache revalidated)
254 silly packumentCache full:https://registry.npmmirror.com/react-smooth set size:193007 disposed:false
255 silly fetch manifest chokidar@^3.6.0
256 silly packumentCache full:https://registry.npmmirror.com/chokidar cache-miss
257 http fetch GET 200 https://registry.npmmirror.com/@next%2fswc-win32-x64-msvc 1019ms (cache updated)
258 silly packumentCache full:https://registry.npmmirror.com/@next%2fswc-win32-x64-msvc set size:1148405 disposed:false
259 silly fetch manifest didyoumean@^1.2.2
260 silly packumentCache full:https://registry.npmmirror.com/didyoumean cache-miss
261 http fetch GET 200 https://registry.npmmirror.com/scheduler 876ms (cache updated)
262 silly packumentCache full:https://registry.npmmirror.com/scheduler set size:1142396 disposed:false
263 silly fetch manifest dlv@^1.1.3
264 silly packumentCache full:https://registry.npmmirror.com/dlv cache-miss
265 http fetch GET 200 https://registry.npmmirror.com/victory-vendor 474ms (cache revalidated)
266 silly packumentCache full:https://registry.npmmirror.com/victory-vendor set size:254848 disposed:false
267 silly fetch manifest fast-glob@^3.3.2
268 silly packumentCache full:https://registry.npmmirror.com/fast-glob cache-miss
269 http fetch GET 200 https://registry.npmmirror.com/arg 267ms (cache revalidated)
270 silly packumentCache full:https://registry.npmmirror.com/arg set size:71983 disposed:false
271 silly fetch manifest glob-parent@^6.0.2
272 silly packumentCache full:https://registry.npmmirror.com/glob-parent cache-miss
273 http fetch GET 200 https://registry.npmmirror.com/@alloc%2fquick-lru 272ms (cache revalidated)
274 silly packumentCache full:https://registry.npmmirror.com/@alloc%2fquick-lru set size:6316 disposed:false
275 silly fetch manifest is-glob@^4.0.3
276 silly packumentCache full:https://registry.npmmirror.com/is-glob cache-miss
277 http fetch GET 200 https://registry.npmmirror.com/chokidar 269ms (cache revalidated)
278 silly packumentCache full:https://registry.npmmirror.com/chokidar set size:228647 disposed:false
279 silly fetch manifest jiti@^1.21.7
280 silly packumentCache full:https://registry.npmmirror.com/jiti cache-miss
281 http fetch GET 200 https://registry.npmmirror.com/react-is 953ms (cache updated)
282 silly packumentCache full:https://registry.npmmirror.com/react-is set size:1146160 disposed:false
283 silly fetch manifest lilconfig@^3.1.3
284 silly packumentCache full:https://registry.npmmirror.com/lilconfig cache-miss
285 http fetch GET 200 https://registry.npmmirror.com/didyoumean 311ms (cache revalidated)
286 silly packumentCache full:https://registry.npmmirror.com/didyoumean set size:10415 disposed:false
287 silly fetch manifest micromatch@^4.0.8
288 silly packumentCache full:https://registry.npmmirror.com/micromatch cache-miss
289 http fetch GET 200 https://registry.npmmirror.com/dlv 279ms (cache revalidated)
290 silly packumentCache full:https://registry.npmmirror.com/dlv set size:14677 disposed:false
291 silly fetch manifest normalize-path@^3.0.0
292 silly packumentCache full:https://registry.npmmirror.com/normalize-path cache-miss
293 http fetch GET 200 https://registry.npmmirror.com/fast-glob 270ms (cache revalidated)
294 silly packumentCache full:https://registry.npmmirror.com/fast-glob set size:194914 disposed:false
295 silly fetch manifest object-hash@^3.0.0
296 silly packumentCache full:https://registry.npmmirror.com/object-hash cache-miss
297 http fetch GET 200 https://registry.npmmirror.com/glob-parent 271ms (cache revalidated)
298 silly packumentCache full:https://registry.npmmirror.com/glob-parent set size:34765 disposed:false
299 silly fetch manifest postcss-import@^15.1.0
300 silly packumentCache full:https://registry.npmmirror.com/postcss-import cache-miss
301 http fetch GET 200 https://registry.npmmirror.com/is-glob 273ms (cache revalidated)
302 silly packumentCache full:https://registry.npmmirror.com/is-glob set size:39478 disposed:false
303 silly fetch manifest postcss-js@^4.0.1
304 silly packumentCache full:https://registry.npmmirror.com/postcss-js cache-miss
305 http fetch GET 200 https://registry.npmmirror.com/jiti 273ms (cache revalidated)
306 silly packumentCache full:https://registry.npmmirror.com/jiti set size:349233 disposed:false
307 silly fetch manifest postcss-load-config@^4.0.2 || ^5.0 || ^6.0
308 silly packumentCache full:https://registry.npmmirror.com/postcss-load-config cache-miss
309 http fetch GET 200 https://registry.npmmirror.com/lilconfig 265ms (cache revalidated)
310 silly packumentCache full:https://registry.npmmirror.com/lilconfig set size:37564 disposed:false
311 silly fetch manifest postcss-nested@^6.2.0
312 silly packumentCache full:https://registry.npmmirror.com/postcss-nested cache-miss
313 http fetch GET 200 https://registry.npmmirror.com/normalize-path 276ms (cache revalidated)
314 silly packumentCache full:https://registry.npmmirror.com/normalize-path set size:28480 disposed:false
315 silly fetch manifest postcss-selector-parser@^6.1.2
316 silly packumentCache full:https://registry.npmmirror.com/postcss-selector-parser cache-miss
317 http fetch GET 200 https://registry.npmmirror.com/micromatch 283ms (cache revalidated)
318 silly packumentCache full:https://registry.npmmirror.com/micromatch set size:240427 disposed:false
319 silly fetch manifest resolve@^1.22.8
320 silly packumentCache full:https://registry.npmmirror.com/resolve cache-miss
321 http fetch GET 200 https://registry.npmmirror.com/object-hash 266ms (cache revalidated)
322 silly packumentCache full:https://registry.npmmirror.com/object-hash set size:92882 disposed:false
323 silly fetch manifest sucrase@^3.35.0
324 silly packumentCache full:https://registry.npmmirror.com/sucrase cache-miss
325 http fetch GET 200 https://registry.npmmirror.com/postcss-import 269ms (cache revalidated)
326 silly packumentCache full:https://registry.npmmirror.com/postcss-import set size:114244 disposed:false
327 http fetch GET 200 https://registry.npmmirror.com/postcss-js 268ms (cache revalidated)
328 silly packumentCache full:https://registry.npmmirror.com/postcss-js set size:44167 disposed:false
329 http fetch GET 200 https://registry.npmmirror.com/postcss-load-config 273ms (cache revalidated)
330 silly packumentCache full:https://registry.npmmirror.com/postcss-load-config set size:80198 disposed:false
331 http fetch GET 200 https://registry.npmmirror.com/postcss-nested 267ms (cache revalidated)
332 silly packumentCache full:https://registry.npmmirror.com/postcss-nested set size:64899 disposed:false
333 http fetch GET 200 https://registry.npmmirror.com/postcss-selector-parser 270ms (cache revalidated)
334 silly packumentCache full:https://registry.npmmirror.com/postcss-selector-parser set size:179854 disposed:false
335 http fetch GET 200 https://registry.npmmirror.com/resolve 273ms (cache revalidated)
336 silly packumentCache full:https://registry.npmmirror.com/resolve set size:229481 disposed:false
337 http fetch GET 200 https://registry.npmmirror.com/sucrase 263ms (cache revalidated)
338 silly packumentCache full:https://registry.npmmirror.com/sucrase set size:412170 disposed:false
339 silly placeDep ROOT @supabase/auth-js@2.108.2 OK for: @supabase/supabase-js@2.108.2 want: 2.108.2
340 silly placeDep ROOT @supabase/functions-js@2.108.2 OK for: @supabase/supabase-js@2.108.2 want: 2.108.2
341 silly placeDep ROOT @supabase/postgrest-js@2.108.2 OK for: @supabase/supabase-js@2.108.2 want: 2.108.2
342 silly placeDep ROOT @supabase/realtime-js@2.108.2 OK for: @supabase/supabase-js@2.108.2 want: 2.108.2
343 silly placeDep ROOT @supabase/storage-js@2.108.2 OK for: @supabase/supabase-js@2.108.2 want: 2.108.2
344 silly fetch manifest tslib@2.8.1
345 silly packumentCache full:https://registry.npmmirror.com/tslib cache-miss
346 silly fetch manifest tslib@2.8.1
347 silly packumentCache full:https://registry.npmmirror.com/tslib cache-miss
348 silly fetch manifest tslib@2.8.1
349 silly packumentCache full:https://registry.npmmirror.com/tslib cache-miss
350 silly fetch manifest @supabase/phoenix@^0.4.2
351 silly packumentCache full:https://registry.npmmirror.com/@supabase%2fphoenix cache-miss
352 silly fetch manifest tslib@2.8.1
353 silly packumentCache full:https://registry.npmmirror.com/tslib cache-miss
354 silly fetch manifest iceberg-js@^0.8.1
355 silly packumentCache full:https://registry.npmmirror.com/iceberg-js cache-miss
356 silly fetch manifest tslib@2.8.1
357 silly packumentCache full:https://registry.npmmirror.com/tslib cache-miss
358 http fetch GET 200 https://registry.npmmirror.com/tslib 269ms (cache revalidated)
359 silly packumentCache full:https://registry.npmmirror.com/tslib set size:113423 disposed:false
360 http fetch GET 200 https://registry.npmmirror.com/tslib 285ms (cache revalidated)
361 silly packumentCache full:https://registry.npmmirror.com/tslib set size:113423 disposed:false
362 silly packumentCache full:https://registry.npmmirror.com/tslib dispose
363 http fetch GET 200 https://registry.npmmirror.com/tslib 286ms (cache revalidated)
364 silly packumentCache full:https://registry.npmmirror.com/tslib set size:113423 disposed:true
365 silly packumentCache full:https://registry.npmmirror.com/tslib dispose
366 http fetch GET 200 https://registry.npmmirror.com/tslib 283ms (cache revalidated)
367 silly packumentCache full:https://registry.npmmirror.com/tslib set size:113423 disposed:true
368 silly packumentCache full:https://registry.npmmirror.com/tslib dispose
369 http fetch GET 200 https://registry.npmmirror.com/tslib 286ms (cache revalidated)
370 silly packumentCache full:https://registry.npmmirror.com/tslib set size:113423 disposed:true
371 silly packumentCache full:https://registry.npmmirror.com/tslib dispose
372 http fetch GET 200 https://registry.npmmirror.com/iceberg-js 481ms (cache revalidated)
373 silly packumentCache full:https://registry.npmmirror.com/iceberg-js set size:45258 disposed:false
374 http fetch GET 200 https://registry.npmmirror.com/@supabase%2fphoenix 489ms (cache revalidated)
375 silly packumentCache full:https://registry.npmmirror.com/@supabase%2fphoenix set size:30794 disposed:false
376 silly placeDep ROOT tslib@2.8.1 OK for: @supabase/auth-js@2.108.2 want: 2.8.1
377 silly placeDep ROOT @supabase/phoenix@0.4.4 OK for: @supabase/realtime-js@2.108.2 want: ^0.4.2
378 silly placeDep ROOT iceberg-js@0.8.1 OK for: @supabase/storage-js@2.108.2 want: ^0.8.1
379 silly placeDep ROOT undici-types@6.21.0 OK for: @types/node@20.19.43 want: ~6.21.0
380 silly placeDep ROOT @types/prop-types@15.7.15 OK for: @types/react@18.3.31 want: *
381 silly placeDep ROOT csstype@3.2.3 OK for: @types/react@18.3.31 want: ^3.2.2
382 silly placeDep ROOT browserslist@4.28.2 OK for: autoprefixer@10.5.0 want: ^4.28.2
383 silly placeDep ROOT caniuse-lite@1.0.30001799 OK for: autoprefixer@10.5.0 want: ^1.0.30001787
384 silly placeDep ROOT fraction.js@5.3.4 OK for: autoprefixer@10.5.0 want: ^5.3.4
385 silly placeDep ROOT picocolors@1.1.1 OK for: autoprefixer@10.5.0 want: ^1.1.1
386 silly placeDep ROOT postcss-value-parser@4.2.0 OK for: autoprefixer@10.5.0 want: ^4.2.0
387 silly fetch manifest baseline-browser-mapping@^2.10.12
388 silly packumentCache full:https://registry.npmmirror.com/baseline-browser-mapping cache-miss
389 silly fetch manifest caniuse-lite@^1.0.30001782
390 silly packumentCache full:https://registry.npmmirror.com/caniuse-lite cache-miss
391 silly fetch manifest electron-to-chromium@^1.5.328
392 silly packumentCache full:https://registry.npmmirror.com/electron-to-chromium cache-miss
393 silly fetch manifest node-releases@^2.0.36
394 silly packumentCache full:https://registry.npmmirror.com/node-releases cache-miss
395 silly fetch manifest update-browserslist-db@^1.2.3
396 silly packumentCache full:https://registry.npmmirror.com/update-browserslist-db cache-miss
397 http fetch GET 200 https://registry.npmmirror.com/caniuse-lite 10ms (cache hit)
398 silly packumentCache full:https://registry.npmmirror.com/caniuse-lite set size:1992144 disposed:false
399 http fetch GET 200 https://registry.npmmirror.com/baseline-browser-mapping 278ms (cache revalidated)
400 silly packumentCache full:https://registry.npmmirror.com/baseline-browser-mapping set size:533178 disposed:false
401 http fetch GET 200 https://registry.npmmirror.com/update-browserslist-db 290ms (cache revalidated)
402 silly packumentCache full:https://registry.npmmirror.com/update-browserslist-db set size:64681 disposed:false
403 http fetch GET 200 https://registry.npmmirror.com/node-releases 489ms (cache updated)
404 silly packumentCache full:https://registry.npmmirror.com/node-releases set size:41257 disposed:false
405 http fetch GET 200 https://registry.npmmirror.com/electron-to-chromium 512ms (cache updated)
406 silly packumentCache full:https://registry.npmmirror.com/electron-to-chromium set size:819652 disposed:false
407 silly fetch manifest browserslist@>= 4.21.0
408 silly packumentCache full:https://registry.npmmirror.com/browserslist cache-hit
409 silly placeDep ROOT baseline-browser-mapping@2.10.38 OK for: browserslist@4.28.2 want: ^2.10.12
410 silly placeDep ROOT electron-to-chromium@1.5.376 OK for: browserslist@4.28.2 want: ^1.5.328
411 silly placeDep ROOT node-releases@2.0.48 OK for: browserslist@4.28.2 want: ^2.0.36
412 silly placeDep ROOT update-browserslist-db@1.2.3 OK for: browserslist@4.28.2 want: ^1.2.3
413 silly fetch manifest escalade@^3.2.0
414 silly packumentCache full:https://registry.npmmirror.com/escalade cache-miss
415 http fetch GET 200 https://registry.npmmirror.com/escalade 261ms (cache revalidated)
416 silly packumentCache full:https://registry.npmmirror.com/escalade set size:26187 disposed:false
417 silly fetch manifest react@^18.2.0
418 silly packumentCache full:https://registry.npmmirror.com/react cache-miss
419 http fetch GET 200 https://registry.npmmirror.com/react 16ms (cache hit)
420 silly packumentCache full:https://registry.npmmirror.com/react set size:6465671 disposed:false
421 silly placeDep ROOT @next/env@14.2.15 OK for: next@14.2.15 want: 14.2.15
422 silly placeDep ROOT @next/swc-darwin-arm64@14.2.15 OK for: next@14.2.15 want: 14.2.15
423 silly placeDep ROOT @next/swc-darwin-x64@14.2.15 OK for: next@14.2.15 want: 14.2.15
424 silly placeDep ROOT @next/swc-linux-arm64-gnu@14.2.15 OK for: next@14.2.15 want: 14.2.15
425 silly placeDep ROOT @next/swc-linux-arm64-musl@14.2.15 OK for: next@14.2.15 want: 14.2.15
426 silly placeDep ROOT @next/swc-linux-x64-gnu@14.2.15 OK for: next@14.2.15 want: 14.2.15
427 silly placeDep ROOT @next/swc-linux-x64-musl@14.2.15 OK for: next@14.2.15 want: 14.2.15
428 silly placeDep ROOT @next/swc-win32-arm64-msvc@14.2.15 OK for: next@14.2.15 want: 14.2.15
429 silly placeDep ROOT @next/swc-win32-ia32-msvc@14.2.15 OK for: next@14.2.15 want: 14.2.15
430 silly placeDep ROOT @next/swc-win32-x64-msvc@14.2.15 OK for: next@14.2.15 want: 14.2.15
431 silly placeDep ROOT @swc/helpers@0.5.5 OK for: next@14.2.15 want: 0.5.5
432 silly placeDep ROOT busboy@1.6.0 OK for: next@14.2.15 want: 1.6.0
433 silly placeDep ROOT graceful-fs@4.2.11 OK for: next@14.2.15 want: ^4.2.11
434 silly placeDep node_modules/next postcss@8.4.31 OK for: next@14.2.15 want: 8.4.31
435 silly placeDep ROOT styled-jsx@5.1.1 OK for: next@14.2.15 want: 5.1.1
436 silly fetch manifest @swc/counter@^0.1.3
437 silly packumentCache full:https://registry.npmmirror.com/@swc%2fcounter cache-miss
438 silly fetch manifest streamsearch@^1.1.0
439 silly packumentCache full:https://registry.npmmirror.com/streamsearch cache-miss
440 silly fetch manifest nanoid@^3.3.6
441 silly packumentCache full:https://registry.npmmirror.com/nanoid cache-hit
442 silly fetch manifest source-map-js@^1.0.2
443 silly packumentCache full:https://registry.npmmirror.com/source-map-js cache-hit
444 silly fetch manifest client-only@0.0.1
445 silly packumentCache full:https://registry.npmmirror.com/client-only cache-miss
446 http fetch GET 200 https://registry.npmmirror.com/streamsearch 272ms (cache revalidated)
447 silly packumentCache full:https://registry.npmmirror.com/streamsearch set size:14711 disposed:false
448 http fetch GET 200 https://registry.npmmirror.com/@swc%2fcounter 464ms (cache revalidated)
449 silly packumentCache full:https://registry.npmmirror.com/@swc%2fcounter set size:7722 disposed:false
450 http fetch GET 200 https://registry.npmmirror.com/client-only 471ms (cache revalidated)
451 silly packumentCache full:https://registry.npmmirror.com/client-only set size:2873 disposed:false
452 silly placeDep ROOT @swc/counter@0.1.3 OK for: @swc/helpers@0.5.5 want: ^0.1.3
453 silly placeDep ROOT streamsearch@1.1.0 OK for: busboy@1.6.0 want: ^1.1.0
454 silly placeDep ROOT nanoid@3.3.13 OK for: postcss@8.5.15 want: ^3.3.12
455 silly placeDep ROOT source-map-js@1.2.1 OK for: postcss@8.5.15 want: ^1.2.1
456 silly placeDep ROOT loose-envify@1.4.0 OK for: react@18.3.1 want: ^1.1.0
457 silly fetch manifest js-tokens@^3.0.0 || ^4.0.0
458 silly packumentCache full:https://registry.npmmirror.com/js-tokens cache-miss
459 http fetch GET 200 https://registry.npmmirror.com/js-tokens 262ms (cache revalidated)
460 silly packumentCache full:https://registry.npmmirror.com/js-tokens set size:39640 disposed:false
461 silly placeDep ROOT js-tokens@4.0.0 OK for: loose-envify@1.4.0 want: ^3.0.0 || ^4.0.0
462 silly placeDep ROOT scheduler@0.23.2 OK for: react-dom@18.3.1 want: ^0.23.2
463 silly fetch manifest react@^16.0.0 || ^17.0.0 || ^18.0.0 || ^19.0.0
464 silly packumentCache full:https://registry.npmmirror.com/react cache-miss
465 http fetch GET 200 https://registry.npmmirror.com/react 12ms (cache hit)
466 silly packumentCache full:https://registry.npmmirror.com/react set size:6465671 disposed:false
467 silly fetch manifest react-dom@^16.0.0 || ^17.0.0 || ^18.0.0 || ^19.0.0
468 silly packumentCache full:https://registry.npmmirror.com/react-dom cache-miss
469 http fetch GET 200 https://registry.npmmirror.com/react-dom 17ms (cache hit)
470 silly packumentCache full:https://registry.npmmirror.com/react-dom set size:8705348 disposed:false
471 silly placeDep ROOT eventemitter3@4.0.7 OK for: recharts@2.15.4 want: ^4.0.1
472 silly placeDep ROOT lodash@4.18.1 OK for: recharts@2.15.4 want: ^4.17.21
473 silly placeDep ROOT react-is@18.3.1 OK for: recharts@2.15.4 want: ^18.3.1
474 silly placeDep ROOT react-smooth@4.0.4 OK for: recharts@2.15.4 want: ^4.0.4
475 silly placeDep ROOT recharts-scale@0.4.5 OK for: recharts@2.15.4 want: ^0.4.4
476 silly placeDep ROOT tiny-invariant@1.3.3 OK for: recharts@2.15.4 want: ^1.3.1
477 silly placeDep ROOT victory-vendor@36.9.2 OK for: recharts@2.15.4 want: ^36.6.8
478 silly fetch manifest fast-equals@^5.0.1
479 silly packumentCache full:https://registry.npmmirror.com/fast-equals cache-miss
480 silly fetch manifest prop-types@^15.8.1
481 silly packumentCache full:https://registry.npmmirror.com/prop-types cache-miss
482 silly fetch manifest react-transition-group@^4.4.5
483 silly packumentCache full:https://registry.npmmirror.com/react-transition-group cache-miss
484 silly fetch manifest decimal.js-light@^2.4.1
485 silly packumentCache full:https://registry.npmmirror.com/decimal.js-light cache-miss
486 silly fetch manifest @types/d3-array@^3.0.3
487 silly packumentCache full:https://registry.npmmirror.com/@types%2fd3-array cache-miss
488 silly fetch manifest @types/d3-ease@^3.0.0
489 silly packumentCache full:https://registry.npmmirror.com/@types%2fd3-ease cache-miss
490 silly fetch manifest @types/d3-interpolate@^3.0.1
491 silly packumentCache full:https://registry.npmmirror.com/@types%2fd3-interpolate cache-miss
492 http fetch GET 200 https://registry.npmmirror.com/@types%2fd3-interpolate 280ms (cache revalidated)
493 silly packumentCache full:https://registry.npmmirror.com/@types%2fd3-interpolate set size:47854 disposed:false
494 silly fetch manifest @types/d3-scale@^4.0.2
495 silly packumentCache full:https://registry.npmmirror.com/@types%2fd3-scale cache-miss
496 http fetch GET 200 https://registry.npmmirror.com/@types%2fd3-array 282ms (cache revalidated)
497 silly packumentCache full:https://registry.npmmirror.com/@types%2fd3-array set size:108039 disposed:false
498 silly fetch manifest @types/d3-shape@^3.1.0
499 silly packumentCache full:https://registry.npmmirror.com/@types%2fd3-shape cache-miss
500 http fetch GET 200 https://registry.npmmirror.com/prop-types 285ms (cache revalidated)
501 silly packumentCache full:https://registry.npmmirror.com/prop-types set size:69015 disposed:false
502 silly fetch manifest @types/d3-time@^3.0.0
503 silly packumentCache full:https://registry.npmmirror.com/@types%2fd3-time cache-miss
504 http fetch GET 200 https://registry.npmmirror.com/react-transition-group 285ms (cache revalidated)
505 silly packumentCache full:https://registry.npmmirror.com/react-transition-group set size:88745 disposed:false
506 silly fetch manifest @types/d3-timer@^3.0.0
507 silly packumentCache full:https://registry.npmmirror.com/@types%2fd3-timer cache-miss
508 http fetch GET 200 https://registry.npmmirror.com/@types%2fd3-ease 286ms (cache revalidated)
509 silly packumentCache full:https://registry.npmmirror.com/@types%2fd3-ease set size:40998 disposed:false
510 silly fetch manifest d3-array@^3.1.6
511 silly packumentCache full:https://registry.npmmirror.com/d3-array cache-miss
512 http fetch GET 200 https://registry.npmmirror.com/decimal.js-light 470ms (cache revalidated)
513 silly packumentCache full:https://registry.npmmirror.com/decimal.js-light set size:34150 disposed:false
514 silly fetch manifest d3-ease@^3.0.1
515 silly packumentCache full:https://registry.npmmirror.com/d3-ease cache-miss
516 http fetch GET 200 https://registry.npmmirror.com/fast-equals 483ms (cache revalidated)
517 silly packumentCache full:https://registry.npmmirror.com/fast-equals set size:330435 disposed:false
518 silly fetch manifest d3-interpolate@^3.0.1
519 silly packumentCache full:https://registry.npmmirror.com/d3-interpolate cache-miss
520 http fetch GET 200 https://registry.npmmirror.com/@types%2fd3-scale 268ms (cache revalidated)
521 silly packumentCache full:https://registry.npmmirror.com/@types%2fd3-scale set size:107762 disposed:false
522 silly fetch manifest d3-scale@^4.0.2
523 silly packumentCache full:https://registry.npmmirror.com/d3-scale cache-miss
524 http fetch GET 200 https://registry.npmmirror.com/@types%2fd3-time 273ms (cache revalidated)
525 silly packumentCache full:https://registry.npmmirror.com/@types%2fd3-time set size:45809 disposed:false
526 silly fetch manifest d3-shape@^3.1.0
527 silly packumentCache full:https://registry.npmmirror.com/d3-shape cache-miss
528 http fetch GET 200 https://registry.npmmirror.com/@types%2fd3-shape 276ms (cache revalidated)
529 silly packumentCache full:https://registry.npmmirror.com/@types%2fd3-shape set size:96144 disposed:false
530 silly fetch manifest d3-time@^3.0.0
531 silly packumentCache full:https://registry.npmmirror.com/d3-time cache-miss
532 http fetch GET 200 https://registry.npmmirror.com/d3-array 274ms (cache revalidated)
533 silly packumentCache full:https://registry.npmmirror.com/d3-array set size:218695 disposed:false
534 silly fetch manifest d3-timer@^3.0.1
535 silly packumentCache full:https://registry.npmmirror.com/d3-timer cache-miss
536 http fetch GET 200 https://registry.npmmirror.com/@types%2fd3-timer 278ms (cache revalidated)
537 silly packumentCache full:https://registry.npmmirror.com/@types%2fd3-timer set size:33383 disposed:false
538 http fetch GET 200 https://registry.npmmirror.com/d3-ease 322ms (cache revalidated)
539 silly packumentCache full:https://registry.npmmirror.com/d3-ease set size:85244 disposed:false
540 http fetch GET 200 https://registry.npmmirror.com/d3-interpolate 313ms (cache revalidated)
541 silly packumentCache full:https://registry.npmmirror.com/d3-interpolate set size:125462 disposed:false
542 http fetch GET 200 https://registry.npmmirror.com/d3-scale 264ms (cache revalidated)
543 silly packumentCache full:https://registry.npmmirror.com/d3-scale set size:217958 disposed:false
544 http fetch GET 200 https://registry.npmmirror.com/d3-timer 277ms (cache revalidated)
545 silly packumentCache full:https://registry.npmmirror.com/d3-timer set size:89725 disposed:false
546 http fetch GET 200 https://registry.npmmirror.com/d3-time 281ms (cache revalidated)
547 silly packumentCache full:https://registry.npmmirror.com/d3-time set size:116604 disposed:false
548 http fetch GET 200 https://registry.npmmirror.com/d3-shape 285ms (cache revalidated)
549 silly packumentCache full:https://registry.npmmirror.com/d3-shape set size:168701 disposed:false
550 silly fetch manifest react@^16.8.0 || ^17.0.0 || ^18.0.0 || ^19.0.0
551 silly packumentCache full:https://registry.npmmirror.com/react cache-miss
552 http fetch GET 200 https://registry.npmmirror.com/react 9ms (cache hit)
553 silly packumentCache full:https://registry.npmmirror.com/react set size:6465671 disposed:false
554 silly fetch manifest react-dom@^16.8.0 || ^17.0.0 || ^18.0.0 || ^19.0.0
555 silly packumentCache full:https://registry.npmmirror.com/react-dom cache-miss
556 http fetch GET 200 https://registry.npmmirror.com/react-dom 9ms (cache hit)
557 silly packumentCache full:https://registry.npmmirror.com/react-dom set size:8705348 disposed:false
558 silly placeDep ROOT fast-equals@5.4.0 OK for: react-smooth@4.0.4 want: ^5.0.1
559 silly placeDep ROOT prop-types@15.8.1 OK for: react-smooth@4.0.4 want: ^15.8.1
560 silly placeDep ROOT react-transition-group@4.4.5 OK for: react-smooth@4.0.4 want: ^4.4.5
561 silly fetch manifest object-assign@^4.1.1
562 silly packumentCache full:https://registry.npmmirror.com/object-assign cache-miss
563 silly fetch manifest react-is@^16.13.1
564 silly packumentCache full:https://registry.npmmirror.com/react-is cache-miss
565 silly fetch manifest @babel/runtime@^7.5.5
566 silly packumentCache full:https://registry.npmmirror.com/@babel%2fruntime cache-miss
567 silly fetch manifest dom-helpers@^5.0.1
568 silly packumentCache full:https://registry.npmmirror.com/dom-helpers cache-miss
569 http fetch GET 200 https://registry.npmmirror.com/react-is 15ms (cache hit)
570 silly packumentCache full:https://registry.npmmirror.com/react-is set size:5187303 disposed:false
571 http fetch GET 200 https://registry.npmmirror.com/dom-helpers 292ms (cache revalidated)
572 silly packumentCache full:https://registry.npmmirror.com/dom-helpers set size:71069 disposed:false
573 http fetch GET 200 https://registry.npmmirror.com/object-assign 296ms (cache revalidated)
574 silly packumentCache full:https://registry.npmmirror.com/object-assign set size:27397 disposed:false
575 http fetch GET 200 https://registry.npmmirror.com/@babel%2fruntime 303ms (cache revalidated)
576 silly packumentCache full:https://registry.npmmirror.com/@babel%2fruntime set size:3403563 disposed:false
577 silly placeDep ROOT object-assign@4.1.1 OK for: prop-types@15.8.1 want: ^4.1.1
578 silly placeDep node_modules/prop-types react-is@16.13.1 OK for: prop-types@15.8.1 want: ^16.13.1
579 silly placeDep ROOT @babel/runtime@7.29.7 OK for: react-transition-group@4.4.5 want: ^7.5.5
580 silly placeDep ROOT dom-helpers@5.2.1 OK for: react-transition-group@4.4.5 want: ^5.0.1
581 silly placeDep ROOT decimal.js-light@2.5.1 OK for: recharts-scale@0.4.5 want: ^2.4.1
582 silly placeDep ROOT client-only@0.0.1 OK for: styled-jsx@5.1.1 want: 0.0.1
583 silly fetch manifest tsx@^4.8.1
584 silly packumentCache full:https://registry.npmmirror.com/tsx cache-miss
585 http fetch GET 200 https://registry.npmmirror.com/tsx 268ms (cache revalidated)
586 silly packumentCache full:https://registry.npmmirror.com/tsx set size:318921 disposed:false
587 silly fetch manifest yaml@^2.4.2
588 silly packumentCache full:https://registry.npmmirror.com/yaml cache-miss
589 http fetch GET 200 https://registry.npmmirror.com/yaml 268ms (cache revalidated)
590 silly packumentCache full:https://registry.npmmirror.com/yaml set size:344021 disposed:false
591 silly placeDep ROOT @alloc/quick-lru@5.2.0 OK for: tailwindcss@3.4.19 want: ^5.2.0
592 silly placeDep ROOT arg@5.0.2 OK for: tailwindcss@3.4.19 want: ^5.0.2
593 silly placeDep ROOT chokidar@3.6.0 OK for: tailwindcss@3.4.19 want: ^3.6.0
594 silly placeDep ROOT didyoumean@1.2.2 OK for: tailwindcss@3.4.19 want: ^1.2.2
595 silly placeDep ROOT dlv@1.1.3 OK for: tailwindcss@3.4.19 want: ^1.1.3
596 silly placeDep ROOT fast-glob@3.3.3 OK for: tailwindcss@3.4.19 want: ^3.3.2
597 silly placeDep ROOT glob-parent@6.0.2 OK for: tailwindcss@3.4.19 want: ^6.0.2
598 silly placeDep ROOT is-glob@4.0.3 OK for: tailwindcss@3.4.19 want: ^4.0.3
599 silly placeDep ROOT jiti@1.21.7 OK for: tailwindcss@3.4.19 want: ^1.21.7
600 silly placeDep ROOT lilconfig@3.1.3 OK for: tailwindcss@3.4.19 want: ^3.1.3
601 silly placeDep ROOT micromatch@4.0.8 OK for: tailwindcss@3.4.19 want: ^4.0.8
602 silly placeDep ROOT normalize-path@3.0.0 OK for: tailwindcss@3.4.19 want: ^3.0.0
603 silly placeDep ROOT object-hash@3.0.0 OK for: tailwindcss@3.4.19 want: ^3.0.0
604 silly placeDep ROOT postcss-import@15.1.0 OK for: tailwindcss@3.4.19 want: ^15.1.0
605 silly placeDep ROOT postcss-js@4.1.0 OK for: tailwindcss@3.4.19 want: ^4.0.1
606 silly placeDep ROOT postcss-load-config@6.0.1 OK for: tailwindcss@3.4.19 want: ^4.0.2 || ^5.0 || ^6.0
607 silly placeDep ROOT postcss-nested@6.2.0 OK for: tailwindcss@3.4.19 want: ^6.2.0
608 silly placeDep ROOT postcss-selector-parser@6.1.4 OK for: tailwindcss@3.4.19 want: ^6.1.2
609 silly placeDep ROOT resolve@1.22.12 OK for: tailwindcss@3.4.19 want: ^1.22.8
610 silly placeDep ROOT sucrase@3.35.1 OK for: tailwindcss@3.4.19 want: ^3.35.0
611 silly fetch manifest anymatch@~3.1.2
612 silly packumentCache full:https://registry.npmmirror.com/anymatch cache-miss
613 silly fetch manifest braces@~3.0.2
614 silly packumentCache full:https://registry.npmmirror.com/braces cache-miss
615 silly fetch manifest glob-parent@~5.1.2
616 silly packumentCache full:https://registry.npmmirror.com/glob-parent cache-hit
617 silly fetch manifest is-binary-path@~2.1.0
618 silly packumentCache full:https://registry.npmmirror.com/is-binary-path cache-miss
619 silly fetch manifest is-glob@~4.0.1
620 silly packumentCache full:https://registry.npmmirror.com/is-glob cache-hit
621 silly fetch manifest normalize-path@~3.0.0
622 silly packumentCache full:https://registry.npmmirror.com/normalize-path cache-hit
623 silly fetch manifest readdirp@~3.6.0
624 silly packumentCache full:https://registry.npmmirror.com/readdirp cache-miss
625 silly fetch manifest fsevents@~2.3.2
626 silly packumentCache full:https://registry.npmmirror.com/fsevents cache-miss
627 silly fetch manifest @nodelib/fs.stat@^2.0.2
628 silly packumentCache full:https://registry.npmmirror.com/@nodelib%2ffs.stat cache-miss
629 silly fetch manifest @nodelib/fs.walk@^1.2.3
630 silly packumentCache full:https://registry.npmmirror.com/@nodelib%2ffs.walk cache-miss
631 http fetch GET 200 https://registry.npmmirror.com/readdirp 292ms (cache revalidated)
632 silly packumentCache full:https://registry.npmmirror.com/readdirp set size:95428 disposed:false
633 silly fetch manifest glob-parent@^5.1.2
634 silly packumentCache full:https://registry.npmmirror.com/glob-parent cache-hit
635 silly fetch manifest merge2@^1.3.0
636 silly packumentCache full:https://registry.npmmirror.com/merge2 cache-miss
637 http fetch GET 200 https://registry.npmmirror.com/fsevents 295ms (cache revalidated)
638 silly packumentCache full:https://registry.npmmirror.com/fsevents set size:122258 disposed:false
639 silly fetch manifest is-extglob@^2.1.1
640 silly packumentCache full:https://registry.npmmirror.com/is-extglob cache-miss
641 http fetch GET 200 https://registry.npmmirror.com/@nodelib%2ffs.stat 297ms (cache revalidated)
642 silly packumentCache full:https://registry.npmmirror.com/@nodelib%2ffs.stat set size:28111 disposed:false
643 silly fetch manifest braces@^3.0.3
644 silly packumentCache full:https://registry.npmmirror.com/braces cache-miss
645 http fetch GET 200 https://registry.npmmirror.com/anymatch 301ms (cache revalidated)
646 silly packumentCache full:https://registry.npmmirror.com/anymatch set size:37760 disposed:false
647 silly fetch manifest picomatch@^2.3.1
648 silly packumentCache full:https://registry.npmmirror.com/picomatch cache-miss
649 http fetch GET 200 https://registry.npmmirror.com/@nodelib%2ffs.walk 300ms (cache revalidated)
650 silly packumentCache full:https://registry.npmmirror.com/@nodelib%2ffs.walk set size:35867 disposed:false
651 silly fetch manifest read-cache@^1.0.0
652 silly packumentCache full:https://registry.npmmirror.com/read-cache cache-miss
653 http fetch GET 200 https://registry.npmmirror.com/braces 304ms (cache revalidated)
654 silly packumentCache full:https://registry.npmmirror.com/braces set size:112898 disposed:false
655 silly fetch manifest resolve@^1.1.7
656 silly packumentCache full:https://registry.npmmirror.com/resolve cache-hit
657 silly fetch manifest camelcase-css@^2.0.1
658 silly packumentCache full:https://registry.npmmirror.com/camelcase-css cache-miss
659 http fetch GET 200 https://registry.npmmirror.com/is-binary-path 308ms (cache revalidated)
660 silly packumentCache full:https://registry.npmmirror.com/is-binary-path set size:11426 disposed:false
661 silly fetch manifest postcss-selector-parser@^6.1.1
662 silly packumentCache full:https://registry.npmmirror.com/postcss-selector-parser cache-hit
663 silly fetch manifest cssesc@^3.0.0
664 silly packumentCache full:https://registry.npmmirror.com/cssesc cache-miss
665 http fetch GET 200 https://registry.npmmirror.com/braces 15ms (cache hit)
666 silly packumentCache full:https://registry.npmmirror.com/braces set size:112898 disposed:false
667 silly packumentCache full:https://registry.npmmirror.com/braces dispose
668 silly fetch manifest util-deprecate@^1.0.2
669 silly packumentCache full:https://registry.npmmirror.com/util-deprecate cache-miss
670 http fetch GET 200 https://registry.npmmirror.com/picomatch 281ms (cache revalidated)
671 silly packumentCache full:https://registry.npmmirror.com/picomatch set size:107758 disposed:false
672 silly fetch manifest es-errors@^1.3.0
673 silly packumentCache full:https://registry.npmmirror.com/es-errors cache-miss
674 http fetch GET 200 https://registry.npmmirror.com/util-deprecate 277ms (cache revalidated)
675 silly packumentCache full:https://registry.npmmirror.com/util-deprecate set size:6659 disposed:false
676 silly fetch manifest is-core-module@^2.16.1
677 silly packumentCache full:https://registry.npmmirror.com/is-core-module cache-miss
678 http fetch GET 200 https://registry.npmmirror.com/merge2 300ms (cache revalidated)
679 silly packumentCache full:https://registry.npmmirror.com/merge2 set size:40023 disposed:false
680 silly fetch manifest path-parse@^1.0.7
681 silly packumentCache full:https://registry.npmmirror.com/path-parse cache-miss
682 http fetch GET 200 https://registry.npmmirror.com/cssesc 288ms (cache revalidated)
683 silly packumentCache full:https://registry.npmmirror.com/cssesc set size:16783 disposed:false
684 silly fetch manifest supports-preserve-symlinks-flag@^1.0.0
685 silly packumentCache full:https://registry.npmmirror.com/supports-preserve-symlinks-flag cache-miss
686 http fetch GET 200 https://registry.npmmirror.com/read-cache 298ms (cache revalidated)
687 silly packumentCache full:https://registry.npmmirror.com/read-cache set size:3033 disposed:false
688 silly fetch manifest @jridgewell/gen-mapping@^0.3.2
689 silly packumentCache full:https://registry.npmmirror.com/@jridgewell%2fgen-mapping cache-miss
690 http fetch GET 200 https://registry.npmmirror.com/is-extglob 303ms (cache revalidated)
691 silly packumentCache full:https://registry.npmmirror.com/is-extglob set size:11880 disposed:false
692 silly fetch manifest commander@^4.0.0
693 silly packumentCache full:https://registry.npmmirror.com/commander cache-miss
694 http fetch GET 200 https://registry.npmmirror.com/camelcase-css 507ms (cache revalidated)
695 silly packumentCache full:https://registry.npmmirror.com/camelcase-css set size:8356 disposed:false
696 silly fetch manifest lines-and-columns@^1.1.6
697 silly packumentCache full:https://registry.npmmirror.com/lines-and-columns cache-miss
698 http fetch GET 200 https://registry.npmmirror.com/es-errors 270ms (cache revalidated)
699 silly packumentCache full:https://registry.npmmirror.com/es-errors set size:17576 disposed:false
700 silly fetch manifest mz@^2.7.0
701 silly packumentCache full:https://registry.npmmirror.com/mz cache-miss
702 http fetch GET 200 https://registry.npmmirror.com/path-parse 273ms (cache revalidated)
703 silly packumentCache full:https://registry.npmmirror.com/path-parse set size:12468 disposed:false
704 silly fetch manifest pirates@^4.0.1
705 silly packumentCache full:https://registry.npmmirror.com/pirates cache-miss
706 http fetch GET 200 https://registry.npmmirror.com/supports-preserve-symlinks-flag 275ms (cache revalidated)
707 silly packumentCache full:https://registry.npmmirror.com/supports-preserve-symlinks-flag set size:6704 disposed:false
708 silly fetch manifest tinyglobby@^0.2.11
709 silly packumentCache full:https://registry.npmmirror.com/tinyglobby cache-miss
710 http fetch GET 200 https://registry.npmmirror.com/commander 273ms (cache revalidated)
711 silly packumentCache full:https://registry.npmmirror.com/commander set size:293130 disposed:false
712 silly fetch manifest ts-interface-checker@^0.1.9
713 silly packumentCache full:https://registry.npmmirror.com/ts-interface-checker cache-miss
714 http fetch GET 200 https://registry.npmmirror.com/@jridgewell%2fgen-mapping 280ms (cache revalidated)
715 silly packumentCache full:https://registry.npmmirror.com/@jridgewell%2fgen-mapping set size:86323 disposed:false
716 http fetch GET 200 https://registry.npmmirror.com/is-core-module 288ms (cache revalidated)
717 silly packumentCache full:https://registry.npmmirror.com/is-core-module set size:68727 disposed:false
718 http fetch GET 200 https://registry.npmmirror.com/lines-and-columns 273ms (cache revalidated)
719 silly packumentCache full:https://registry.npmmirror.com/lines-and-columns set size:70564 disposed:false
720 http fetch GET 200 https://registry.npmmirror.com/mz 273ms (cache revalidated)
721 silly packumentCache full:https://registry.npmmirror.com/mz set size:40893 disposed:false
722 http fetch GET 200 https://registry.npmmirror.com/tinyglobby 272ms (cache revalidated)
723 silly packumentCache full:https://registry.npmmirror.com/tinyglobby set size:58007 disposed:false
724 http fetch GET 200 https://registry.npmmirror.com/ts-interface-checker 269ms (cache revalidated)
725 silly packumentCache full:https://registry.npmmirror.com/ts-interface-checker set size:46076 disposed:false
726 http fetch GET 200 https://registry.npmmirror.com/pirates 280ms (cache revalidated)
727 silly packumentCache full:https://registry.npmmirror.com/pirates set size:50016 disposed:false
728 silly placeDep ROOT anymatch@3.1.3 OK for: chokidar@3.6.0 want: ~3.1.2
729 silly placeDep ROOT braces@3.0.3 OK for: chokidar@3.6.0 want: ~3.0.2
730 silly placeDep ROOT fsevents@2.3.3 OK for: chokidar@3.6.0 want: ~2.3.2
731 silly placeDep node_modules/chokidar glob-parent@5.1.2 OK for: chokidar@3.6.0 want: ~5.1.2
732 silly placeDep ROOT is-binary-path@2.1.0 OK for: chokidar@3.6.0 want: ~2.1.0
733 silly placeDep ROOT readdirp@3.6.0 OK for: chokidar@3.6.0 want: ~3.6.0
734 silly fetch manifest picomatch@^2.0.4
735 silly packumentCache full:https://registry.npmmirror.com/picomatch cache-hit
736 silly fetch manifest fill-range@^7.1.1
737 silly packumentCache full:https://registry.npmmirror.com/fill-range cache-miss
738 silly fetch manifest binary-extensions@^2.0.0
739 silly packumentCache full:https://registry.npmmirror.com/binary-extensions cache-miss
740 silly fetch manifest picomatch@^2.2.1
741 silly packumentCache full:https://registry.npmmirror.com/picomatch cache-hit
742 http fetch GET 200 https://registry.npmmirror.com/binary-extensions 266ms (cache revalidated)
743 silly packumentCache full:https://registry.npmmirror.com/binary-extensions set size:43165 disposed:false
744 http fetch GET 200 https://registry.npmmirror.com/fill-range 272ms (cache revalidated)
745 silly packumentCache full:https://registry.npmmirror.com/fill-range set size:79635 disposed:false
746 silly placeDep ROOT picomatch@2.3.2 OK for: anymatch@3.1.3 want: ^2.0.4
747 silly placeDep ROOT fill-range@7.1.1 OK for: braces@3.0.3 want: ^7.1.1
748 silly fetch manifest to-regex-range@^5.0.1
749 silly packumentCache full:https://registry.npmmirror.com/to-regex-range cache-miss
750 http fetch GET 200 https://registry.npmmirror.com/to-regex-range 279ms (cache revalidated)
751 silly packumentCache full:https://registry.npmmirror.com/to-regex-range set size:55700 disposed:false
752 silly placeDep ROOT @nodelib/fs.stat@2.0.5 OK for: fast-glob@3.3.3 want: ^2.0.2
753 silly placeDep ROOT @nodelib/fs.walk@1.2.8 OK for: fast-glob@3.3.3 want: ^1.2.3
754 silly placeDep node_modules/fast-glob glob-parent@5.1.2 OK for: fast-glob@3.3.3 want: ^5.1.2
755 silly placeDep ROOT merge2@1.4.1 OK for: fast-glob@3.3.3 want: ^1.3.0
756 silly fetch manifest @nodelib/fs.scandir@2.1.5
757 silly packumentCache full:https://registry.npmmirror.com/@nodelib%2ffs.scandir cache-miss
758 silly fetch manifest fastq@^1.6.0
759 silly packumentCache full:https://registry.npmmirror.com/fastq cache-miss
760 http fetch GET 200 https://registry.npmmirror.com/@nodelib%2ffs.scandir 276ms (cache revalidated)
761 silly packumentCache full:https://registry.npmmirror.com/@nodelib%2ffs.scandir set size:38674 disposed:false
762 http fetch GET 200 https://registry.npmmirror.com/fastq 277ms (cache revalidated)
763 silly packumentCache full:https://registry.npmmirror.com/fastq set size:68593 disposed:false
764 silly placeDep ROOT @nodelib/fs.scandir@2.1.5 OK for: @nodelib/fs.walk@1.2.8 want: 2.1.5
765 silly placeDep ROOT fastq@1.20.1 OK for: @nodelib/fs.walk@1.2.8 want: ^1.6.0
766 silly fetch manifest run-parallel@^1.1.9
767 silly packumentCache full:https://registry.npmmirror.com/run-parallel cache-miss
768 silly fetch manifest reusify@^1.0.4
769 silly packumentCache full:https://registry.npmmirror.com/reusify cache-miss
770 http fetch GET 200 https://registry.npmmirror.com/run-parallel 265ms (cache revalidated)
771 silly packumentCache full:https://registry.npmmirror.com/run-parallel set size:31746 disposed:false
772 http fetch GET 200 https://registry.npmmirror.com/reusify 275ms (cache revalidated)
773 silly packumentCache full:https://registry.npmmirror.com/reusify set size:14270 disposed:false
774 silly placeDep ROOT run-parallel@1.2.0 OK for: @nodelib/fs.scandir@2.1.5 want: ^1.1.9
775 silly fetch manifest queue-microtask@^1.2.2
776 silly packumentCache full:https://registry.npmmirror.com/queue-microtask cache-miss
777 http fetch GET 200 https://registry.npmmirror.com/queue-microtask 281ms (cache revalidated)
778 silly packumentCache full:https://registry.npmmirror.com/queue-microtask set size:25336 disposed:false
779 silly placeDep ROOT reusify@1.1.0 OK for: fastq@1.20.1 want: ^1.0.4
780 silly placeDep ROOT to-regex-range@5.0.1 OK for: fill-range@7.1.1 want: ^5.0.1
781 silly fetch manifest is-number@^7.0.0
782 silly packumentCache full:https://registry.npmmirror.com/is-number cache-miss
783 http fetch GET 200 https://registry.npmmirror.com/is-number 276ms (cache revalidated)
784 silly packumentCache full:https://registry.npmmirror.com/is-number set size:35937 disposed:false
785 silly placeDep ROOT binary-extensions@2.3.0 OK for: is-binary-path@2.1.0 want: ^2.0.0
786 silly placeDep ROOT is-extglob@2.1.1 OK for: is-glob@4.0.3 want: ^2.1.1
787 silly placeDep ROOT read-cache@1.0.0 OK for: postcss-import@15.1.0 want: ^1.0.0
788 silly fetch manifest pify@^2.3.0
789 silly packumentCache full:https://registry.npmmirror.com/pify cache-miss
790 http fetch GET 200 https://registry.npmmirror.com/pify 288ms (cache revalidated)
791 silly packumentCache full:https://registry.npmmirror.com/pify set size:29706 disposed:false
792 silly placeDep ROOT camelcase-css@2.0.1 OK for: postcss-js@4.1.0 want: ^2.0.1
793 silly placeDep ROOT cssesc@3.0.0 OK for: postcss-selector-parser@6.1.4 want: ^3.0.0
794 silly placeDep ROOT util-deprecate@1.0.2 OK for: postcss-selector-parser@6.1.4 want: ^1.0.2
795 silly placeDep ROOT pify@2.3.0 OK for: read-cache@1.0.0 want: ^2.3.0
796 silly placeDep ROOT es-errors@1.3.0 OK for: resolve@1.22.12 want: ^1.3.0
797 silly placeDep ROOT is-core-module@2.16.2 OK for: resolve@1.22.12 want: ^2.16.1
798 silly placeDep ROOT path-parse@1.0.7 OK for: resolve@1.22.12 want: ^1.0.7
799 silly placeDep ROOT supports-preserve-symlinks-flag@1.0.0 OK for: resolve@1.22.12 want: ^1.0.0
800 silly fetch manifest hasown@^2.0.3
801 silly packumentCache full:https://registry.npmmirror.com/hasown cache-miss
802 http fetch GET 200 https://registry.npmmirror.com/hasown 293ms (cache revalidated)
803 silly packumentCache full:https://registry.npmmirror.com/hasown set size:18994 disposed:false
804 silly placeDep ROOT hasown@2.0.4 OK for: is-core-module@2.16.2 want: ^2.0.3
805 silly fetch manifest function-bind@^1.1.2
806 silly packumentCache full:https://registry.npmmirror.com/function-bind cache-miss
807 http fetch GET 200 https://registry.npmmirror.com/function-bind 268ms (cache revalidated)
808 silly packumentCache full:https://registry.npmmirror.com/function-bind set size:15630 disposed:false
809 silly placeDep ROOT function-bind@1.1.2 OK for: hasown@2.0.4 want: ^1.1.2
810 silly placeDep ROOT queue-microtask@1.2.3 OK for: run-parallel@1.2.0 want: ^1.2.2
811 silly placeDep ROOT @jridgewell/gen-mapping@0.3.13 OK for: sucrase@3.35.1 want: ^0.3.2
812 silly placeDep ROOT commander@4.1.1 OK for: sucrase@3.35.1 want: ^4.0.0
813 silly placeDep ROOT lines-and-columns@1.2.4 OK for: sucrase@3.35.1 want: ^1.1.6
814 silly placeDep ROOT mz@2.7.0 OK for: sucrase@3.35.1 want: ^2.7.0
815 silly placeDep ROOT pirates@4.0.7 OK for: sucrase@3.35.1 want: ^4.0.1
816 silly placeDep ROOT tinyglobby@0.2.17 OK for: sucrase@3.35.1 want: ^0.2.11
817 silly placeDep ROOT ts-interface-checker@0.1.13 OK for: sucrase@3.35.1 want: ^0.1.9
818 silly fetch manifest @jridgewell/sourcemap-codec@^1.5.0
819 silly packumentCache full:https://registry.npmmirror.com/@jridgewell%2fsourcemap-codec cache-miss
820 silly fetch manifest @jridgewell/trace-mapping@^0.3.24
821 silly packumentCache full:https://registry.npmmirror.com/@jridgewell%2ftrace-mapping cache-miss
822 silly fetch manifest any-promise@^1.0.0
823 silly packumentCache full:https://registry.npmmirror.com/any-promise cache-miss
824 silly fetch manifest thenify-all@^1.0.0
825 silly packumentCache full:https://registry.npmmirror.com/thenify-all cache-miss
826 silly fetch manifest fdir@^6.5.0
827 silly packumentCache full:https://registry.npmmirror.com/fdir cache-miss
828 silly fetch manifest picomatch@^4.0.4
829 silly packumentCache full:https://registry.npmmirror.com/picomatch cache-hit
830 http fetch GET 200 https://registry.npmmirror.com/@jridgewell%2fsourcemap-codec 276ms (cache revalidated)
831 silly packumentCache full:https://registry.npmmirror.com/@jridgewell%2fsourcemap-codec set size:63247 disposed:false
832 http fetch GET 200 https://registry.npmmirror.com/thenify-all 291ms (cache revalidated)
833 silly packumentCache full:https://registry.npmmirror.com/thenify-all set size:18394 disposed:false
834 http fetch GET 200 https://registry.npmmirror.com/any-promise 293ms (cache revalidated)
835 silly packumentCache full:https://registry.npmmirror.com/any-promise set size:20149 disposed:false
836 http fetch GET 200 https://registry.npmmirror.com/@jridgewell%2ftrace-mapping 294ms (cache revalidated)
837 silly packumentCache full:https://registry.npmmirror.com/@jridgewell%2ftrace-mapping set size:171781 disposed:false
838 http fetch GET 200 https://registry.npmmirror.com/fdir 296ms (cache revalidated)
839 silly packumentCache full:https://registry.npmmirror.com/fdir set size:111746 disposed:false
840 silly placeDep ROOT @jridgewell/sourcemap-codec@1.5.5 OK for: @jridgewell/gen-mapping@0.3.13 want: ^1.5.0
841 silly placeDep ROOT @jridgewell/trace-mapping@0.3.31 OK for: @jridgewell/gen-mapping@0.3.13 want: ^0.3.24
842 silly fetch manifest @jridgewell/resolve-uri@^3.1.0
843 silly packumentCache full:https://registry.npmmirror.com/@jridgewell%2fresolve-uri cache-miss
844 http fetch GET 200 https://registry.npmmirror.com/@jridgewell%2fresolve-uri 263ms (cache revalidated)
845 silly packumentCache full:https://registry.npmmirror.com/@jridgewell%2fresolve-uri set size:54227 disposed:false
846 silly placeDep ROOT @jridgewell/resolve-uri@3.1.2 OK for: @jridgewell/trace-mapping@0.3.31 want: ^3.1.0
847 silly placeDep ROOT any-promise@1.3.0 OK for: mz@2.7.0 want: ^1.0.0
848 silly placeDep ROOT thenify-all@1.6.0 OK for: mz@2.7.0 want: ^1.0.0
849 silly fetch manifest thenify@>= 3.1.0 < 4
850 silly packumentCache full:https://registry.npmmirror.com/thenify cache-miss
851 http fetch GET 200 https://registry.npmmirror.com/thenify 268ms (cache revalidated)
852 silly packumentCache full:https://registry.npmmirror.com/thenify set size:20162 disposed:false
853 silly placeDep ROOT thenify@3.3.1 OK for: thenify-all@1.6.0 want: >= 3.1.0 < 4
854 silly placeDep node_modules/tinyglobby fdir@6.5.0 OK for: tinyglobby@0.2.17 want: ^6.5.0
855 silly placeDep node_modules/tinyglobby picomatch@4.0.4 OK for: fdir@6.5.0 want: ^3 || ^4
856 silly placeDep ROOT is-number@7.0.0 OK for: to-regex-range@5.0.1 want: ^7.0.0
857 silly placeDep ROOT escalade@3.2.0 OK for: update-browserslist-db@1.2.3 want: ^3.2.0
858 silly placeDep ROOT @types/d3-array@3.2.2 OK for: victory-vendor@36.9.2 want: ^3.0.3
859 silly placeDep ROOT @types/d3-ease@3.0.2 OK for: victory-vendor@36.9.2 want: ^3.0.0
860 silly placeDep ROOT @types/d3-interpolate@3.0.4 OK for: victory-vendor@36.9.2 want: ^3.0.1
861 silly placeDep ROOT @types/d3-scale@4.0.9 OK for: victory-vendor@36.9.2 want: ^4.0.2
862 silly placeDep ROOT @types/d3-shape@3.1.8 OK for: victory-vendor@36.9.2 want: ^3.1.0
863 silly placeDep ROOT @types/d3-time@3.0.4 OK for: victory-vendor@36.9.2 want: ^3.0.0
864 silly placeDep ROOT @types/d3-timer@3.0.2 OK for: victory-vendor@36.9.2 want: ^3.0.0
865 silly placeDep ROOT d3-array@3.2.4 OK for: victory-vendor@36.9.2 want: ^3.1.6
866 silly placeDep ROOT d3-ease@3.0.1 OK for: victory-vendor@36.9.2 want: ^3.0.1
867 silly placeDep ROOT d3-interpolate@3.0.1 OK for: victory-vendor@36.9.2 want: ^3.0.1
868 silly placeDep ROOT d3-scale@4.0.2 OK for: victory-vendor@36.9.2 want: ^4.0.2
869 silly placeDep ROOT d3-shape@3.2.0 OK for: victory-vendor@36.9.2 want: ^3.1.0
870 silly placeDep ROOT d3-time@3.1.0 OK for: victory-vendor@36.9.2 want: ^3.0.0
871 silly placeDep ROOT d3-timer@3.0.1 OK for: victory-vendor@36.9.2 want: ^3.0.1
872 silly fetch manifest @types/d3-color@*
873 silly packumentCache full:https://registry.npmmirror.com/@types%2fd3-color cache-miss
874 silly fetch manifest @types/d3-time@*
875 silly packumentCache full:https://registry.npmmirror.com/@types%2fd3-time cache-hit
876 silly fetch manifest @types/d3-path@*
877 silly packumentCache full:https://registry.npmmirror.com/@types%2fd3-path cache-miss
878 silly fetch manifest internmap@1 - 2
879 silly packumentCache full:https://registry.npmmirror.com/internmap cache-miss
880 silly fetch manifest d3-color@1 - 3
881 silly packumentCache full:https://registry.npmmirror.com/d3-color cache-miss
882 silly fetch manifest d3-format@1 - 3
883 silly packumentCache full:https://registry.npmmirror.com/d3-format cache-miss
884 silly fetch manifest d3-time@2.1.1 - 3
885 silly packumentCache full:https://registry.npmmirror.com/d3-time cache-hit
886 silly fetch manifest d3-time-format@2 - 4
887 silly packumentCache full:https://registry.npmmirror.com/d3-time-format cache-miss
888 silly fetch manifest d3-path@^3.1.0
889 silly packumentCache full:https://registry.npmmirror.com/d3-path cache-miss
890 http fetch GET 200 https://registry.npmmirror.com/d3-path 280ms (cache revalidated)
891 silly packumentCache full:https://registry.npmmirror.com/d3-path set size:64552 disposed:false
892 http fetch GET 200 https://registry.npmmirror.com/d3-format 284ms (cache revalidated)
893 silly packumentCache full:https://registry.npmmirror.com/d3-format set size:93855 disposed:false
894 http fetch GET 200 https://registry.npmmirror.com/d3-color 287ms (cache revalidated)
895 silly packumentCache full:https://registry.npmmirror.com/d3-color set size:112387 disposed:false
896 http fetch GET 200 https://registry.npmmirror.com/d3-time-format 290ms (cache revalidated)
897 silly packumentCache full:https://registry.npmmirror.com/d3-time-format set size:102435 disposed:false
898 http fetch GET 200 https://registry.npmmirror.com/internmap 300ms (cache revalidated)
899 silly packumentCache full:https://registry.npmmirror.com/internmap set size:14700 disposed:false
900 http fetch GET 200 https://registry.npmmirror.com/@types%2fd3-path 301ms (cache revalidated)
901 silly packumentCache full:https://registry.npmmirror.com/@types%2fd3-path set size:36951 disposed:false
902 http fetch GET 200 https://registry.npmmirror.com/@types%2fd3-color 302ms (cache revalidated)
903 silly packumentCache full:https://registry.npmmirror.com/@types%2fd3-color set size:57325 disposed:false
904 silly placeDep ROOT @types/d3-color@3.1.3 OK for: @types/d3-interpolate@3.0.4 want: *
905 silly placeDep ROOT @types/d3-path@3.1.1 OK for: @types/d3-shape@3.1.8 want: *
906 silly placeDep ROOT internmap@2.0.3 OK for: d3-array@3.2.4 want: 1 - 2
907 silly placeDep ROOT d3-color@3.1.0 OK for: d3-interpolate@3.0.1 want: 1 - 3
908 silly placeDep ROOT d3-format@3.1.2 OK for: d3-scale@4.0.2 want: 1 - 3
909 silly placeDep ROOT d3-time-format@4.1.0 OK for: d3-scale@4.0.2 want: 2 - 4
910 silly placeDep ROOT d3-path@3.1.0 OK for: d3-shape@3.2.0 want: ^3.1.0
911 silly reify moves {}
912 verbose reify failed optional dependency /Users/mac/Documents/ture code/node_modules/@next/swc-win32-x64-msvc
913 silly reify mark deleted [
913 silly reify   '/Users/mac/Documents/ture code/node_modules/@next/swc-win32-x64-msvc'
913 silly reify ]
914 verbose reify failed optional dependency /Users/mac/Documents/ture code/node_modules/@next/swc-win32-ia32-msvc
915 silly reify mark deleted [
915 silly reify   '/Users/mac/Documents/ture code/node_modules/@next/swc-win32-ia32-msvc'
915 silly reify ]
916 verbose reify failed optional dependency /Users/mac/Documents/ture code/node_modules/@next/swc-win32-arm64-msvc
917 silly reify mark deleted [
917 silly reify   '/Users/mac/Documents/ture code/node_modules/@next/swc-win32-arm64-msvc'
917 silly reify ]
918 verbose reify failed optional dependency /Users/mac/Documents/ture code/node_modules/@next/swc-linux-x64-musl
919 silly reify mark deleted [
919 silly reify   '/Users/mac/Documents/ture code/node_modules/@next/swc-linux-x64-musl'
919 silly reify ]
920 verbose reify failed optional dependency /Users/mac/Documents/ture code/node_modules/@next/swc-linux-x64-gnu
921 silly reify mark deleted [
921 silly reify   '/Users/mac/Documents/ture code/node_modules/@next/swc-linux-x64-gnu'
921 silly reify ]
922 verbose reify failed optional dependency /Users/mac/Documents/ture code/node_modules/@next/swc-linux-arm64-musl
923 silly reify mark deleted [
923 silly reify   '/Users/mac/Documents/ture code/node_modules/@next/swc-linux-arm64-musl'
923 silly reify ]
924 verbose reify failed optional dependency /Users/mac/Documents/ture code/node_modules/@next/swc-linux-arm64-gnu
925 silly reify mark deleted [
925 silly reify   '/Users/mac/Documents/ture code/node_modules/@next/swc-linux-arm64-gnu'
925 silly reify ]
926 verbose reify failed optional dependency /Users/mac/Documents/ture code/node_modules/@next/swc-darwin-x64
927 silly reify mark deleted [ '/Users/mac/Documents/ture code/node_modules/@next/swc-darwin-x64' ]
928 silly tarball no local data for nanoid@https://registry.npmmirror.com/nanoid/-/nanoid-3.3.13.tgz. Extracting by manifest.
929 silly tarball no local data for electron-to-chromium@https://registry.npmmirror.com/electron-to-chromium/-/electron-to-chromium-1.5.376.tgz. Extracting by manifest.
930 silly tarball no local data for node-releases@https://registry.npmmirror.com/node-releases/-/node-releases-2.0.48.tgz. Extracting by manifest.
931 http fetch GET 200 https://cdn.npmmirror.com/packages/node-releases/2.0.48/node-releases-2.0.48.tgz 3696ms (cache miss)
932 http fetch GET 200 https://cdn.npmmirror.com/packages/nanoid/3.3.13/nanoid-3.3.13.tgz 3711ms (cache miss)
933 http fetch GET 200 https://cdn.npmmirror.com/packages/electron-to-chromium/1.5.376/electron-to-chromium-1.5.376.tgz 3728ms (cache miss)
934 info run fsevents@2.3.3 install node_modules/fsevents node-gyp rebuild
935 info run fsevents@2.3.3 install { code: 1, signal: null }
936 verbose reify failed optional dependency /Users/mac/Documents/ture code/node_modules/fsevents
937 silly reify mark deleted [ '/Users/mac/Documents/ture code/node_modules/fsevents' ]
938 silly ADD node_modules/d3-path
939 silly ADD node_modules/d3-time-format
940 silly ADD node_modules/d3-format
941 silly ADD node_modules/d3-color
942 silly ADD node_modules/internmap
943 silly ADD node_modules/@types/d3-path
944 silly ADD node_modules/@types/d3-color
945 silly ADD node_modules/d3-timer
946 silly ADD node_modules/d3-time
947 silly ADD node_modules/d3-shape
948 silly ADD node_modules/d3-scale
949 silly ADD node_modules/d3-interpolate
950 silly ADD node_modules/d3-ease
951 silly ADD node_modules/d3-array
952 silly ADD node_modules/@types/d3-timer
953 silly ADD node_modules/@types/d3-time
954 silly ADD node_modules/@types/d3-shape
955 silly ADD node_modules/@types/d3-scale
956 silly ADD node_modules/@types/d3-interpolate
957 silly ADD node_modules/@types/d3-ease
958 silly ADD node_modules/@types/d3-array
959 silly ADD node_modules/escalade
960 silly ADD node_modules/is-number
961 silly ADD node_modules/thenify
962 silly ADD node_modules/thenify-all
963 silly ADD node_modules/any-promise
964 silly ADD node_modules/@jridgewell/resolve-uri
965 silly ADD node_modules/@jridgewell/trace-mapping
966 silly ADD node_modules/@jridgewell/sourcemap-codec
967 silly ADD node_modules/ts-interface-checker
968 silly ADD node_modules/tinyglobby
969 silly ADD node_modules/tinyglobby/node_modules/picomatch
970 silly ADD node_modules/tinyglobby/node_modules/fdir
971 silly ADD node_modules/pirates
972 silly ADD node_modules/mz
973 silly ADD node_modules/lines-and-columns
974 silly ADD node_modules/commander
975 silly ADD node_modules/@jridgewell/gen-mapping
976 silly ADD node_modules/queue-microtask
977 silly ADD node_modules/function-bind
978 silly ADD node_modules/hasown
979 silly ADD node_modules/supports-preserve-symlinks-flag
980 silly ADD node_modules/path-parse
981 silly ADD node_modules/is-core-module
982 silly ADD node_modules/es-errors
983 silly ADD node_modules/pify
984 silly ADD node_modules/util-deprecate
985 silly ADD node_modules/cssesc
986 silly ADD node_modules/camelcase-css
987 silly ADD node_modules/read-cache
988 silly ADD node_modules/is-extglob
989 silly ADD node_modules/binary-extensions
990 silly ADD node_modules/to-regex-range
991 silly ADD node_modules/reusify
992 silly ADD node_modules/run-parallel
993 silly ADD node_modules/fastq
994 silly ADD node_modules/@nodelib/fs.scandir
995 silly ADD node_modules/merge2
996 silly ADD node_modules/@nodelib/fs.walk
997 silly ADD node_modules/@nodelib/fs.stat
998 silly ADD node_modules/fill-range
999 silly ADD node_modules/picomatch
1000 silly ADD node_modules/readdirp
1001 silly ADD node_modules/is-binary-path
1002 silly ADD
1003 silly ADD node_modules/braces
1004 silly ADD node_modules/anymatch
1005 silly ADD node_modules/sucrase
1006 silly ADD node_modules/resolve
1007 silly ADD node_modules/postcss-selector-parser
1008 silly ADD node_modules/postcss-nested
1009 silly ADD node_modules/postcss-load-config
1010 silly ADD node_modules/postcss-js
1011 silly ADD node_modules/postcss-import
1012 silly ADD node_modules/object-hash
1013 silly ADD node_modules/normalize-path
1014 silly ADD node_modules/micromatch
1015 silly ADD node_modules/lilconfig
1016 silly ADD node_modules/jiti
1017 silly ADD node_modules/is-glob
1018 silly ADD node_modules/glob-parent
1019 silly ADD node_modules/fast-glob
1020 silly ADD node_modules/fast-glob/node_modules/glob-parent
1021 silly ADD node_modules/dlv
1022 silly ADD node_modules/didyoumean
1023 silly ADD node_modules/chokidar
1024 silly ADD node_modules/chokidar/node_modules/glob-parent
1025 silly ADD node_modules/arg
1026 silly ADD node_modules/@alloc/quick-lru
1027 silly ADD node_modules/client-only
1028 silly ADD node_modules/decimal.js-light
1029 silly ADD node_modules/dom-helpers
1030 silly ADD node_modules/@babel/runtime
1031 silly ADD node_modules/object-assign
1032 silly ADD node_modules/react-transition-group
1033 silly ADD node_modules/prop-types
1034 silly ADD node_modules/prop-types/node_modules/react-is
1035 silly ADD node_modules/fast-equals
1036 silly ADD node_modules/victory-vendor
1037 silly ADD node_modules/tiny-invariant
1038 silly ADD node_modules/recharts-scale
1039 silly ADD node_modules/react-smooth
1040 silly ADD node_modules/react-is
1041 silly ADD node_modules/lodash
1042 silly ADD node_modules/eventemitter3
1043 silly ADD node_modules/scheduler
1044 silly ADD node_modules/js-tokens
1045 silly ADD node_modules/loose-envify
1046 silly ADD node_modules/source-map-js
1047 silly ADD node_modules/nanoid
1048 silly ADD node_modules/streamsearch
1049 silly ADD node_modules/@swc/counter
1050 silly ADD node_modules/styled-jsx
1051 silly ADD node_modules/graceful-fs
1052 silly ADD node_modules/busboy
1053 silly ADD node_modules/@swc/helpers
1054 silly ADD
1055 silly ADD
1056 silly ADD
1057 silly ADD
1058 silly ADD
1059 silly ADD
1060 silly ADD
1061 silly ADD
1062 silly ADD node_modules/@next/swc-darwin-arm64
1063 silly ADD node_modules/@next/env
1064 silly ADD node_modules/update-browserslist-db
1065 silly ADD node_modules/node-releases
1066 silly ADD node_modules/electron-to-chromium
1067 silly ADD node_modules/baseline-browser-mapping
1068 silly ADD node_modules/postcss-value-parser
1069 silly ADD node_modules/picocolors
1070 silly ADD node_modules/fraction.js
1071 silly ADD node_modules/caniuse-lite
1072 silly ADD node_modules/browserslist
1073 silly ADD node_modules/csstype
1074 silly ADD node_modules/@types/prop-types
1075 silly ADD node_modules/undici-types
1076 silly ADD node_modules/iceberg-js
1077 silly ADD node_modules/@supabase/phoenix
1078 silly ADD node_modules/tslib
1079 silly ADD node_modules/@supabase/storage-js
1080 silly ADD node_modules/@supabase/realtime-js
1081 silly ADD node_modules/@supabase/postgrest-js
1082 silly ADD node_modules/@supabase/functions-js
1083 silly ADD node_modules/@supabase/auth-js
1084 silly ADD node_modules/typescript
1085 silly ADD node_modules/tailwindcss
1086 silly ADD node_modules/tailwind-merge
1087 silly ADD node_modules/recharts
1088 silly ADD node_modules/react-dom
1089 silly ADD node_modules/next
1090 silly ADD node_modules/next/node_modules/postcss
1091 silly ADD node_modules/react
1092 silly ADD node_modules/lucide-react
1093 silly ADD node_modules/clsx
1094 silly ADD node_modules/postcss
1095 silly ADD node_modules/autoprefixer
1096 silly ADD node_modules/@types/react-dom
1097 silly ADD node_modules/@types/react
1098 silly ADD node_modules/@types/node
1099 silly ADD node_modules/@supabase/supabase-js
1100 verbose cwd /Users/mac/Documents/ture code
1101 verbose os Darwin 25.5.0
1102 verbose node v20.18.0
1103 verbose npm  v10.8.2
1104 verbose exit 0
1105 info ok
